739 s | epoch: 1 step: 1335 total_loss: 0.18823  lr: 0.004989
1197 s | epoch: 2 step: 1335 total_loss: 0.10421  lr: 0.004927
1565 s | epoch: 3 step: 1335 total_loss: 0.10069  lr: 0.004810
1896 s | epoch: 4 step: 1335 total_loss: 0.06817  lr: 0.004641
2267 s | epoch: 5 step: 1335 total_loss: 0.09090  lr: 0.004425
2636 s | epoch: 6 step: 1335 total_loss: 0.07419  lr: 0.004166
2994 s | epoch: 7 step: 1335 total_loss: 0.14894  lr: 0.003870
3368 s | epoch: 8 step: 1335 total_loss: 0.07765  lr: 0.003542
3713 s | epoch: 9 step: 1335 total_loss: 0.09182  lr: 0.003192
4099 s | epoch: 10 step: 1335 total_loss: 0.22383  lr: 0.002826
4473 s | epoch: 11 step: 1335 total_loss: 0.03834  lr: 0.002453
4842 s | epoch: 12 step: 1335 total_loss: 0.08823  lr: 0.002081
5232 s | epoch: 13 step: 1335 total_loss: 0.05278  lr: 0.001719
5605 s | epoch: 14 step: 1335 total_loss: 0.04989  lr: 0.001373
5997 s | epoch: 15 step: 1335 total_loss: 0.03753  lr: 0.001053
6370 s | epoch: 16 step: 1335 total_loss: 0.13075  lr: 0.000766
6774 s | epoch: 17 step: 1335 total_loss: 0.04877  lr: 0.000517
7150 s | epoch: 18 step: 1335 total_loss: 0.18740  lr: 0.000312
7539 s | epoch: 19 step: 1335 total_loss: 0.07818  lr: 0.000156
7905 s | epoch: 20 step: 1335 total_loss: 0.05880  lr: 0.000053
