{'activate_num_classes': 2,
 'anchor_ratios': [0.5, 1.0, 2.0],
 'anchor_scales': [8],
 'anchor_strides': [4, 8, 16, 32, 64],
 'anno_path': '',
 'backbone': 'resnet_v1_50',
 'base_lr': 0.04,
 'batch_size': 2,
 'checkpoint_path': '/cache/train/fasterrcnn/faster_rcnn-12_7393.ckpt',
 'checkpoint_url': '',
 'ckpt_file': '/cache/train/fasterrcnn/faster_rcnn-12_7393.ckpt',
 'coco_classes': ['background',
                  'person',
                  'bicycle',
                  'car',
                  'motorcycle',
                  'airplane',
                  'bus',
                  'train',
                  'truck',
                  'boat',
                  'traffic light',
                  'fire hydrant',
                  'stop sign',
                  'parking meter',
                  'bench',
                  'bird',
                  'cat',
                  'dog',
                  'horse',
                  'sheep',
                  'cow',
                  'elephant',
                  'bear',
                  'zebra',
                  'giraffe',
                  'backpack',
                  'umbrella',
                  'handbag',
                  'tie',
                  'suitcase',
                  'frisbee',
                  'skis',
                  'snowboard',
                  'sports ball',
                  'kite',
                  'baseball bat',
                  'baseball glove',
                  'skateboard',
                  'surfboard',
                  'tennis racket',
                  'bottle',
                  'wine glass',
                  'cup',
                  'fork',
                  'knife',
                  'spoon',
                  'bowl',
                  'banana',
                  'apple',
                  'sandwich',
                  'orange',
                  'broccoli',
                  'carrot',
                  'hot dog',
                  'pizza',
                  'donut',
                  'cake',
                  'chair',
                  'couch',
                  'potted plant',
                  'bed',
                  'dining table',
                  'toilet',
                  'tv',
                  'laptop',
                  'mouse',
                  'remote',
                  'keyboard',
                  'cell phone',
                  'microwave',
                  'oven',
                  'toaster',
                  'sink',
                  'refrigerator',
                  'book',
                  'clock',
                  'vase',
                  'scissors',
                  'teddy bear',
                  'hair drier',
                  'toothbrush'],
 'coco_root': '/home/server/garbage_dump/models-r2.1/data/VOC2012/coco_format',
 'config_path': '/home/server/garbage_dump/models-r2.1/official/cv/FasterRCNN/scripts/../default_config.yaml',
 'data_path': '/cache/data',
 'data_url': '',
 'dataset': 'coco',
 'device_id': 0,
 'device_num': 1,
 'device_target': 'GPU',
 'enable_modelarts': False,
 'enable_profiling': False,
 'epoch_size': 20,
 'expand_ratio': 1.0,
 'feature_shapes': [[192, 320], [96, 160], [48, 80], [24, 40], [12, 20]],
 'file_format': 'MINDIR',
 'file_name': 'faster_rcnn',
 'finetune': False,
 'flip_ratio': 0.5,
 'fpn_in_channels': [256, 512, 1024, 2048],
 'fpn_num_outs': 5,
 'fpn_out_channels': 256,
 'grad_clip': False,
 'image_dir': '',
 'img_height': 768,
 'img_width': 1280,
 'instance_set': 'annotations/instances_{}.json',
 'interval': 1,
 'keep_checkpoint_max': 5,
 'keep_ratio': True,
 'load_path': '/cache/checkpoint_path',
 'log_summary': False,
 'loss_scale': 256,
 'lr_type': 'dynamic',
 'min_pos_iou': 0.3,
 'min_pos_iou_stage2': 0.5,
 'mindrecord_dir': '/home/server/garbage_dump/models-r2.1/data/VOC2012/coco_format/MindRecord_COCO_TRAIN/',
 'momentum': 0.91,
 'neg_iou_thr': 0.3,
 'neg_iou_thr_stage2': 0.5,
 'num_anchors': 3,
 'num_bboxes': 245520,
 'num_bboxes_stage2': 2000,
 'num_classes': 81,
 'num_expected_neg': 256,
 'num_expected_neg_stage2': 512,
 'num_expected_pos': 128,
 'num_expected_pos_stage2': 128,
 'num_expected_total_stage2': 512,
 'num_gts': 128,
 'num_parallel_workers': 8,
 'opt_type': 'sgd',
 'output_path': '/cache/train',
 'pos_iou_thr': 0.7,
 'pos_iou_thr_stage2': 0.5,
 'pre_trained': '/home/server/garbage_dump/models-r2.1/ckpt/resnet50_ascend_v150_imagenet2012_official_cv_top1acc76.97_top5acc93.44.ckpt',
 'prefix': '',
 'python_multiprocessing': True,
 'rank_id': 0,
 'rcnn_fc_out_channels': 1024,
 'rcnn_in_channels': 256,
 'rcnn_loss_cls_weight': 1,
 'rcnn_loss_reg_weight': 1,
 'rcnn_num_layers': 2,
 'rcnn_target_means': [0.0, 0.0, 0.0, 0.0],
 'rcnn_target_stds': [0.1, 0.1, 0.2, 0.2],
 'resnet_block': [3, 4, 6, 3],
 'resnet_in_channels': [64, 256, 512, 1024],
 'resnet_out_channels': [256, 512, 1024, 2048],
 'result_path': '',
 'roi_align_featmap_strides': [4, 8, 16, 32],
 'roi_align_finest_scale': 56,
 'roi_align_out_channels': 256,
 'roi_layer': {'out_size': 7, 'sample_num': 2, 'type': 'RoIAlign'},
 'roi_sample_num': 640,
 'rpn_cls_out_channels': 1,
 'rpn_feat_channels': 256,
 'rpn_head_use_sigmoid': True,
 'rpn_head_weight': 1.0,
 'rpn_in_channels': 256,
 'rpn_loss_cls_weight': 1.0,
 'rpn_loss_reg_weight': 1.0,
 'rpn_max_num': 1000,
 'rpn_min_bbox_min_size': 0,
 'rpn_nms_across_levels': False,
 'rpn_nms_post': 1000,
 'rpn_nms_pre': 1000,
 'rpn_nms_thr': 0.7,
 'rpn_proposal_max_num': 2000,
 'rpn_proposal_min_bbox_size': 0,
 'rpn_proposal_nms_across_levels': False,
 'rpn_proposal_nms_post': 2000,
 'rpn_proposal_nms_pre': 2000,
 'rpn_proposal_nms_thr': 0.7,
 'rpn_target_means': [0.0, 0.0, 0.0, 0.0],
 'rpn_target_stds': [1.0, 1.0, 1.0, 1.0],
 'run_distribute': False,
 'run_eval': False,
 'save_checkpoint': True,
 'save_checkpoint_epochs': 1,
 'save_checkpoint_path': './',
 'sgd_momentum': 0.9,
 'sgd_step': [8, 11],
 'test_batch_size': 2,
 'test_iou_thr': 0.5,
 'test_max_per_img': 100,
 'test_score_thr': 0.05,
 'train_data_type': 'train2017',
 'train_url': '',
 'use_sigmoid_cls': True,
 'val_data_type': 'val2017',
 'warmup_ratio': 0.0625,
 'warmup_step': 500,
 'weight_decay': 1e-05,
 'without_bg_loss': True}
Please check the above information for the configurations
Traceback (most recent call last):
  File "/home/server/garbage_dump/models-r2.1/official/cv/FasterRCNN/scripts/../train.py", line 282, in <module>
    ms.set_context(mode=ms.GRAPH_MODE, device_target=config.device_target, device_id=get_device_id())
  File "/usr/local/python3.7.5/lib/python3.7/site-packages/mindspore/_checkparam.py", line 1090, in wrapper
    return func(*args, **kwargs)
  File "/usr/local/python3.7.5/lib/python3.7/site-packages/mindspore/_checkparam.py", line 1059, in wrapper
    return func(*args, **kwargs)
  File "/usr/local/python3.7.5/lib/python3.7/site-packages/mindspore/context.py", line 900, in set_context
    raise ValueError(f"For 'context.set_context', package type {__package_name__} support 'device_target' "
ValueError: For 'context.set_context', package type mindspore-ascend support 'device_target' type ascend or cpu, but got GPU.
